The system is: Linux - 5.19.0-40-generic - x86_64
Compiling the CXX compiler identification source file "CMakeCXXCompilerId.cpp" succeeded.
Compiler: /usr/bin/c++ 
Build flags: 
Id flags:  

The output was:
0


Compilation of the CXX compiler identification source "CMakeCXXCompilerId.cpp" produced "a.out"

The CXX compiler identification is GNU, found in "/home/espen/ns-3/ns3-wip/cmake-cache/CMakeFiles/3.25.0-rc2/CompilerIdCXX/a.out"

Detecting CXX compiler ABI info compiled with the following output:
Change Dir: /home/espen/ns-3/ns3-wip/cmake-cache/CMakeFiles/CMakeScratch/TryCompile-xcMF3K

Run Build Command(s):/usr/bin/gmake -f Makefile cmTC_5f5bd/fast && /usr/bin/gmake  -f CMakeFiles/cmTC_5f5bd.dir/build.make CMakeFiles/cmTC_5f5bd.dir/build
gmake[1]: Entering directory '/home/espen/ns-3/ns3-wip/cmake-cache/CMakeFiles/CMakeScratch/TryCompile-xcMF3K'
Building CXX object CMakeFiles/cmTC_5f5bd.dir/CMakeCXXCompilerABI.cpp.o
/usr/bin/c++   -v -o CMakeFiles/cmTC_5f5bd.dir/CMakeCXXCompilerABI.cpp.o -c /usr/local/share/cmake-3.25/Modules/CMakeCXXCompilerABI.cpp
Using built-in specs.
COLLECT_GCC=/usr/bin/c++
OFFLOAD_TARGET_NAMES=nvptx-none:amdgcn-amdhsa
OFFLOAD_TARGET_DEFAULT=1
Target: x86_64-linux-gnu
Configured with: ../src/configure -v --with-pkgversion='Ubuntu 11.3.0-1ubuntu1~22.04' --with-bugurl=file:///usr/share/doc/gcc-11/README.Bugs --enable-languages=c,ada,c++,go,brig,d,fortran,objc,obj-c++,m2 --prefix=/usr --with-gcc-major-version-only --program-suffix=-11 --program-prefix=x86_64-linux-gnu- --enable-shared --enable-linker-build-id --libexecdir=/usr/lib --without-included-gettext --enable-threads=posix --libdir=/usr/lib --enable-nls --enable-bootstrap --enable-clocale=gnu --enable-libstdcxx-debug --enable-libstdcxx-time=yes --with-default-libstdcxx-abi=new --enable-gnu-unique-object --disable-vtable-verify --enable-plugin --enable-default-pie --with-system-zlib --enable-libphobos-checking=release --with-target-system-zlib=auto --enable-objc-gc=auto --enable-multiarch --disable-werror --enable-cet --with-arch-32=i686 --with-abi=m64 --with-multilib-list=m32,m64,mx32 --enable-multilib --with-tune=generic --enable-offload-targets=nvptx-none=/build/gcc-11-xKiWfi/gcc-11-11.3.0/debian/tmp-nvptx/usr,amdgcn-amdhsa=/build/gcc-11-xKiWfi/gcc-11-11.3.0/debian/tmp-gcn/usr --without-cuda-driver --enable-checking=release --build=x86_64-linux-gnu --host=x86_64-linux-gnu --target=x86_64-linux-gnu --with-build-config=bootstrap-lto-lean --enable-link-serialization=2
Thread model: posix
Supported LTO compression algorithms: zlib zstd
gcc version 11.3.0 (Ubuntu 11.3.0-1ubuntu1~22.04) 
COLLECT_GCC_OPTIONS='-v' '-o' 'CMakeFiles/cmTC_5f5bd.dir/CMakeCXXCompilerABI.cpp.o' '-c' '-shared-libgcc' '-mtune=generic' '-march=x86-64' '-dumpdir' 'CMakeFiles/cmTC_5f5bd.dir/'
 /usr/lib/gcc/x86_64-linux-gnu/11/cc1plus -quiet -v -imultiarch x86_64-linux-gnu -D_GNU_SOURCE /usr/local/share/cmake-3.25/Modules/CMakeCXXCompilerABI.cpp -quiet -dumpdir CMakeFiles/cmTC_5f5bd.dir/ -dumpbase CMakeCXXCompilerABI.cpp.cpp -dumpbase-ext .cpp -mtune=generic -march=x86-64 -version -fasynchronous-unwind-tables -fstack-protector-strong -Wformat -Wformat-security -fstack-clash-protection -fcf-protection -o /tmp/ccYe59MY.s
GNU C++17 (Ubuntu 11.3.0-1ubuntu1~22.04) version 11.3.0 (x86_64-linux-gnu)
	compiled by GNU C version 11.3.0, GMP version 6.2.1, MPFR version 4.1.0, MPC version 1.2.1, isl version isl-0.24-GMP

GGC heuristics: --param ggc-min-expand=100 --param ggc-min-heapsize=131072
ignoring duplicate directory "/usr/include/x86_64-linux-gnu/c++/11"
ignoring nonexistent directory "/usr/local/include/x86_64-linux-gnu"
ignoring nonexistent directory "/usr/lib/gcc/x86_64-linux-gnu/11/include-fixed"
ignoring nonexistent directory "/usr/lib/gcc/x86_64-linux-gnu/11/../../../../x86_64-linux-gnu/include"
#include "..." search starts here:
#include <...> search starts here:
 /usr/include/c++/11
 /usr/include/x86_64-linux-gnu/c++/11
 /usr/include/c++/11/backward
 /usr/lib/gcc/x86_64-linux-gnu/11/include
 /usr/local/include
 /usr/include/x86_64-linux-gnu
 /usr/include
End of search list.
GNU C++17 (Ubuntu 11.3.0-1ubuntu1~22.04) version 11.3.0 (x86_64-linux-gnu)
	compiled by GNU C version 11.3.0, GMP version 6.2.1, MPFR version 4.1.0, MPC version 1.2.1, isl version isl-0.24-GMP

GGC heuristics: --param ggc-min-expand=100 --param ggc-min-heapsize=131072
Compiler executable checksum: 449548cbb29044828dc7ea158b577b98
COLLECT_GCC_OPTIONS='-v' '-o' 'CMakeFiles/cmTC_5f5bd.dir/CMakeCXXCompilerABI.cpp.o' '-c' '-shared-libgcc' '-mtune=generic' '-march=x86-64' '-dumpdir' 'CMakeFiles/cmTC_5f5bd.dir/'
 as -v --64 -o CMakeFiles/cmTC_5f5bd.dir/CMakeCXXCompilerABI.cpp.o /tmp/ccYe59MY.s
GNU assembler version 2.38 (x86_64-linux-gnu) using BFD version (GNU Binutils for Ubuntu) 2.38
COMPILER_PATH=/usr/lib/gcc/x86_64-linux-gnu/11/:/usr/lib/gcc/x86_64-linux-gnu/11/:/usr/lib/gcc/x86_64-linux-gnu/:/usr/lib/gcc/x86_64-linux-gnu/11/:/usr/lib/gcc/x86_64-linux-gnu/
LIBRARY_PATH=/usr/lib/gcc/x86_64-linux-gnu/11/:/usr/lib/gcc/x86_64-linux-gnu/11/../../../x86_64-linux-gnu/:/usr/lib/gcc/x86_64-linux-gnu/11/../../../../lib/:/lib/x86_64-linux-gnu/:/lib/../lib/:/usr/lib/x86_64-linux-gnu/:/usr/lib/../lib/:/usr/lib/gcc/x86_64-linux-gnu/11/../../../:/lib/:/usr/lib/
COLLECT_GCC_OPTIONS='-v' '-o' 'CMakeFiles/cmTC_5f5bd.dir/CMakeCXXCompilerABI.cpp.o' '-c' '-shared-libgcc' '-mtune=generic' '-march=x86-64' '-dumpdir' 'CMakeFiles/cmTC_5f5bd.dir/CMakeCXXCompilerABI.cpp.'
Linking CXX executable cmTC_5f5bd
/usr/local/bin/cmake -E cmake_link_script CMakeFiles/cmTC_5f5bd.dir/link.txt --verbose=1
/usr/bin/c++  -v CMakeFiles/cmTC_5f5bd.dir/CMakeCXXCompilerABI.cpp.o -o cmTC_5f5bd 
Using built-in specs.
COLLECT_GCC=/usr/bin/c++
COLLECT_LTO_WRAPPER=/usr/lib/gcc/x86_64-linux-gnu/11/lto-wrapper
OFFLOAD_TARGET_NAMES=nvptx-none:amdgcn-amdhsa
OFFLOAD_TARGET_DEFAULT=1
Target: x86_64-linux-gnu
Configured with: ../src/configure -v --with-pkgversion='Ubuntu 11.3.0-1ubuntu1~22.04' --with-bugurl=file:///usr/share/doc/gcc-11/README.Bugs --enable-languages=c,ada,c++,go,brig,d,fortran,objc,obj-c++,m2 --prefix=/usr --with-gcc-major-version-only --program-suffix=-11 --program-prefix=x86_64-linux-gnu- --enable-shared --enable-linker-build-id --libexecdir=/usr/lib --without-included-gettext --enable-threads=posix --libdir=/usr/lib --enable-nls --enable-bootstrap --enable-clocale=gnu --enable-libstdcxx-debug --enable-libstdcxx-time=yes --with-default-libstdcxx-abi=new --enable-gnu-unique-object --disable-vtable-verify --enable-plugin --enable-default-pie --with-system-zlib --enable-libphobos-checking=release --with-target-system-zlib=auto --enable-objc-gc=auto --enable-multiarch --disable-werror --enable-cet --with-arch-32=i686 --with-abi=m64 --with-multilib-list=m32,m64,mx32 --enable-multilib --with-tune=generic --enable-offload-targets=nvptx-none=/build/gcc-11-xKiWfi/gcc-11-11.3.0/debian/tmp-nvptx/usr,amdgcn-amdhsa=/build/gcc-11-xKiWfi/gcc-11-11.3.0/debian/tmp-gcn/usr --without-cuda-driver --enable-checking=release --build=x86_64-linux-gnu --host=x86_64-linux-gnu --target=x86_64-linux-gnu --with-build-config=bootstrap-lto-lean --enable-link-serialization=2
Thread model: posix
Supported LTO compression algorithms: zlib zstd
gcc version 11.3.0 (Ubuntu 11.3.0-1ubuntu1~22.04) 
COMPILER_PATH=/usr/lib/gcc/x86_64-linux-gnu/11/:/usr/lib/gcc/x86_64-linux-gnu/11/:/usr/lib/gcc/x86_64-linux-gnu/:/usr/lib/gcc/x86_64-linux-gnu/11/:/usr/lib/gcc/x86_64-linux-gnu/
LIBRARY_PATH=/usr/lib/gcc/x86_64-linux-gnu/11/:/usr/lib/gcc/x86_64-linux-gnu/11/../../../x86_64-linux-gnu/:/usr/lib/gcc/x86_64-linux-gnu/11/../../../../lib/:/lib/x86_64-linux-gnu/:/lib/../lib/:/usr/lib/x86_64-linux-gnu/:/usr/lib/../lib/:/usr/lib/gcc/x86_64-linux-gnu/11/../../../:/lib/:/usr/lib/
COLLECT_GCC_OPTIONS='-v' '-o' 'cmTC_5f5bd' '-shared-libgcc' '-mtune=generic' '-march=x86-64' '-dumpdir' 'cmTC_5f5bd.'
 /usr/lib/gcc/x86_64-linux-gnu/11/collect2 -plugin /usr/lib/gcc/x86_64-linux-gnu/11/liblto_plugin.so -plugin-opt=/usr/lib/gcc/x86_64-linux-gnu/11/lto-wrapper -plugin-opt=-fresolution=/tmp/cc3kz3IC.res -plugin-opt=-pass-through=-lgcc_s -plugin-opt=-pass-through=-lgcc -plugin-opt=-pass-through=-lc -plugin-opt=-pass-through=-lgcc_s -plugin-opt=-pass-through=-lgcc --build-id --eh-frame-hdr -m elf_x86_64 --hash-style=gnu --as-needed -dynamic-linker /lib64/ld-linux-x86-64.so.2 -pie -z now -z relro -o cmTC_5f5bd /usr/lib/gcc/x86_64-linux-gnu/11/../../../x86_64-linux-gnu/Scrt1.o /usr/lib/gcc/x86_64-linux-gnu/11/../../../x86_64-linux-gnu/crti.o /usr/lib/gcc/x86_64-linux-gnu/11/crtbeginS.o -L/usr/lib/gcc/x86_64-linux-gnu/11 -L/usr/lib/gcc/x86_64-linux-gnu/11/../../../x86_64-linux-gnu -L/usr/lib/gcc/x86_64-linux-gnu/11/../../../../lib -L/lib/x86_64-linux-gnu -L/lib/../lib -L/usr/lib/x86_64-linux-gnu -L/usr/lib/../lib -L/usr/lib/gcc/x86_64-linux-gnu/11/../../.. CMakeFiles/cmTC_5f5bd.dir/CMakeCXXCompilerABI.cpp.o -lstdc++ -lm -lgcc_s -lgcc -lc -lgcc_s -lgcc /usr/lib/gcc/x86_64-linux-gnu/11/crtendS.o /usr/lib/gcc/x86_64-linux-gnu/11/../../../x86_64-linux-gnu/crtn.o
COLLECT_GCC_OPTIONS='-v' '-o' 'cmTC_5f5bd' '-shared-libgcc' '-mtune=generic' '-march=x86-64' '-dumpdir' 'cmTC_5f5bd.'
gmake[1]: Leaving directory '/home/espen/ns-3/ns3-wip/cmake-cache/CMakeFiles/CMakeScratch/TryCompile-xcMF3K'



Parsed CXX implicit include dir info from above output: rv=done
  found start of include info
  found start of implicit include info
    add: [/usr/include/c++/11]
    add: [/usr/include/x86_64-linux-gnu/c++/11]
    add: [/usr/include/c++/11/backward]
    add: [/usr/lib/gcc/x86_64-linux-gnu/11/include]
    add: [/usr/local/include]
    add: [/usr/include/x86_64-linux-gnu]
    add: [/usr/include]
  end of search list found
  collapse include dir [/usr/include/c++/11] ==> [/usr/include/c++/11]
  collapse include dir [/usr/include/x86_64-linux-gnu/c++/11] ==> [/usr/include/x86_64-linux-gnu/c++/11]
  collapse include dir [/usr/include/c++/11/backward] ==> [/usr/include/c++/11/backward]
  collapse include dir [/usr/lib/gcc/x86_64-linux-gnu/11/include] ==> [/usr/lib/gcc/x86_64-linux-gnu/11/include]
  collapse include dir [/usr/local/include] ==> [/usr/local/include]
  collapse include dir [/usr/include/x86_64-linux-gnu] ==> [/usr/include/x86_64-linux-gnu]
  collapse include dir [/usr/include] ==> [/usr/include]
  implicit include dirs: [/usr/include/c++/11;/usr/include/x86_64-linux-gnu/c++/11;/usr/include/c++/11/backward;/usr/lib/gcc/x86_64-linux-gnu/11/include;/usr/local/include;/usr/include/x86_64-linux-gnu;/usr/include]


Parsed CXX implicit link information from above output:
  link line regex: [^( *|.*[/\])(ld|CMAKE_LINK_STARTFILE-NOTFOUND|([^/\]+-)?ld|collect2)[^/\]*( |$)]
  ignore line: [Change Dir: /home/espen/ns-3/ns3-wip/cmake-cache/CMakeFiles/CMakeScratch/TryCompile-xcMF3K]
  ignore line: []
  ignore line: [Run Build Command(s):/usr/bin/gmake -f Makefile cmTC_5f5bd/fast && /usr/bin/gmake  -f CMakeFiles/cmTC_5f5bd.dir/build.make CMakeFiles/cmTC_5f5bd.dir/build]
  ignore line: [gmake[1]: Entering directory '/home/espen/ns-3/ns3-wip/cmake-cache/CMakeFiles/CMakeScratch/TryCompile-xcMF3K']
  ignore line: [Building CXX object CMakeFiles/cmTC_5f5bd.dir/CMakeCXXCompilerABI.cpp.o]
  ignore line: [/usr/bin/c++   -v -o CMakeFiles/cmTC_5f5bd.dir/CMakeCXXCompilerABI.cpp.o -c /usr/local/share/cmake-3.25/Modules/CMakeCXXCompilerABI.cpp]
  ignore line: [Using built-in specs.]
  ignore line: [COLLECT_GCC=/usr/bin/c++]
  ignore line: [OFFLOAD_TARGET_NAMES=nvptx-none:amdgcn-amdhsa]
  ignore line: [OFFLOAD_TARGET_DEFAULT=1]
  ignore line: [Target: x86_64-linux-gnu]
  ignore line: [Configured with: ../src/configure -v --with-pkgversion='Ubuntu 11.3.0-1ubuntu1~22.04' --with-bugurl=file:///usr/share/doc/gcc-11/README.Bugs --enable-languages=c ada c++ go brig d fortran objc obj-c++ m2 --prefix=/usr --with-gcc-major-version-only --program-suffix=-11 --program-prefix=x86_64-linux-gnu- --enable-shared --enable-linker-build-id --libexecdir=/usr/lib --without-included-gettext --enable-threads=posix --libdir=/usr/lib --enable-nls --enable-bootstrap --enable-clocale=gnu --enable-libstdcxx-debug --enable-libstdcxx-time=yes --with-default-libstdcxx-abi=new --enable-gnu-unique-object --disable-vtable-verify --enable-plugin --enable-default-pie --with-system-zlib --enable-libphobos-checking=release --with-target-system-zlib=auto --enable-objc-gc=auto --enable-multiarch --disable-werror --enable-cet --with-arch-32=i686 --with-abi=m64 --with-multilib-list=m32 m64 mx32 --enable-multilib --with-tune=generic --enable-offload-targets=nvptx-none=/build/gcc-11-xKiWfi/gcc-11-11.3.0/debian/tmp-nvptx/usr amdgcn-amdhsa=/build/gcc-11-xKiWfi/gcc-11-11.3.0/debian/tmp-gcn/usr --without-cuda-driver --enable-checking=release --build=x86_64-linux-gnu --host=x86_64-linux-gnu --target=x86_64-linux-gnu --with-build-config=bootstrap-lto-lean --enable-link-serialization=2]
  ignore line: [Thread model: posix]
  ignore line: [Supported LTO compression algorithms: zlib zstd]
  ignore line: [gcc version 11.3.0 (Ubuntu 11.3.0-1ubuntu1~22.04) ]
  ignore line: [COLLECT_GCC_OPTIONS='-v' '-o' 'CMakeFiles/cmTC_5f5bd.dir/CMakeCXXCompilerABI.cpp.o' '-c' '-shared-libgcc' '-mtune=generic' '-march=x86-64' '-dumpdir' 'CMakeFiles/cmTC_5f5bd.dir/']
  ignore line: [ /usr/lib/gcc/x86_64-linux-gnu/11/cc1plus -quiet -v -imultiarch x86_64-linux-gnu -D_GNU_SOURCE /usr/local/share/cmake-3.25/Modules/CMakeCXXCompilerABI.cpp -quiet -dumpdir CMakeFiles/cmTC_5f5bd.dir/ -dumpbase CMakeCXXCompilerABI.cpp.cpp -dumpbase-ext .cpp -mtune=generic -march=x86-64 -version -fasynchronous-unwind-tables -fstack-protector-strong -Wformat -Wformat-security -fstack-clash-protection -fcf-protection -o /tmp/ccYe59MY.s]
  ignore line: [GNU C++17 (Ubuntu 11.3.0-1ubuntu1~22.04) version 11.3.0 (x86_64-linux-gnu)]
  ignore line: [	compiled by GNU C version 11.3.0  GMP version 6.2.1  MPFR version 4.1.0  MPC version 1.2.1  isl version isl-0.24-GMP]
  ignore line: []
  ignore line: [GGC heuristics: --param ggc-min-expand=100 --param ggc-min-heapsize=131072]
  ignore line: [ignoring duplicate directory "/usr/include/x86_64-linux-gnu/c++/11"]
  ignore line: [ignoring nonexistent directory "/usr/local/include/x86_64-linux-gnu"]
  ignore line: [ignoring nonexistent directory "/usr/lib/gcc/x86_64-linux-gnu/11/include-fixed"]
  ignore line: [ignoring nonexistent directory "/usr/lib/gcc/x86_64-linux-gnu/11/../../../../x86_64-linux-gnu/include"]
  ignore line: [#include "..." search starts here:]
  ignore line: [#include <...> search starts here:]
  ignore line: [ /usr/include/c++/11]
  ignore line: [ /usr/include/x86_64-linux-gnu/c++/11]
  ignore line: [ /usr/include/c++/11/backward]
  ignore line: [ /usr/lib/gcc/x86_64-linux-gnu/11/include]
  ignore line: [ /usr/local/include]
  ignore line: [ /usr/include/x86_64-linux-gnu]
  ignore line: [ /usr/include]
  ignore line: [End of search list.]
  ignore line: [GNU C++17 (Ubuntu 11.3.0-1ubuntu1~22.04) version 11.3.0 (x86_64-linux-gnu)]
  ignore line: [	compiled by GNU C version 11.3.0  GMP version 6.2.1  MPFR version 4.1.0  MPC version 1.2.1  isl version isl-0.24-GMP]
  ignore line: []
  ignore line: [GGC heuristics: --param ggc-min-expand=100 --param ggc-min-heapsize=131072]
  ignore line: [Compiler executable checksum: 449548cbb29044828dc7ea158b577b98]
  ignore line: [COLLECT_GCC_OPTIONS='-v' '-o' 'CMakeFiles/cmTC_5f5bd.dir/CMakeCXXCompilerABI.cpp.o' '-c' '-shared-libgcc' '-mtune=generic' '-march=x86-64' '-dumpdir' 'CMakeFiles/cmTC_5f5bd.dir/']
  ignore line: [ as -v --64 -o CMakeFiles/cmTC_5f5bd.dir/CMakeCXXCompilerABI.cpp.o /tmp/ccYe59MY.s]
  ignore line: [GNU assembler version 2.38 (x86_64-linux-gnu) using BFD version (GNU Binutils for Ubuntu) 2.38]
  ignore line: [COMPILER_PATH=/usr/lib/gcc/x86_64-linux-gnu/11/:/usr/lib/gcc/x86_64-linux-gnu/11/:/usr/lib/gcc/x86_64-linux-gnu/:/usr/lib/gcc/x86_64-linux-gnu/11/:/usr/lib/gcc/x86_64-linux-gnu/]
  ignore line: [LIBRARY_PATH=/usr/lib/gcc/x86_64-linux-gnu/11/:/usr/lib/gcc/x86_64-linux-gnu/11/../../../x86_64-linux-gnu/:/usr/lib/gcc/x86_64-linux-gnu/11/../../../../lib/:/lib/x86_64-linux-gnu/:/lib/../lib/:/usr/lib/x86_64-linux-gnu/:/usr/lib/../lib/:/usr/lib/gcc/x86_64-linux-gnu/11/../../../:/lib/:/usr/lib/]
  ignore line: [COLLECT_GCC_OPTIONS='-v' '-o' 'CMakeFiles/cmTC_5f5bd.dir/CMakeCXXCompilerABI.cpp.o' '-c' '-shared-libgcc' '-mtune=generic' '-march=x86-64' '-dumpdir' 'CMakeFiles/cmTC_5f5bd.dir/CMakeCXXCompilerABI.cpp.']
  ignore line: [Linking CXX executable cmTC_5f5bd]
  ignore line: [/usr/local/bin/cmake -E cmake_link_script CMakeFiles/cmTC_5f5bd.dir/link.txt --verbose=1]
  ignore line: [/usr/bin/c++  -v CMakeFiles/cmTC_5f5bd.dir/CMakeCXXCompilerABI.cpp.o -o cmTC_5f5bd ]
  ignore line: [Using built-in specs.]
  ignore line: [COLLECT_GCC=/usr/bin/c++]
  ignore line: [COLLECT_LTO_WRAPPER=/usr/lib/gcc/x86_64-linux-gnu/11/lto-wrapper]
  ignore line: [OFFLOAD_TARGET_NAMES=nvptx-none:amdgcn-amdhsa]
  ignore line: [OFFLOAD_TARGET_DEFAULT=1]
  ignore line: [Target: x86_64-linux-gnu]
  ignore line: [Configured with: ../src/configure -v --with-pkgversion='Ubuntu 11.3.0-1ubuntu1~22.04' --with-bugurl=file:///usr/share/doc/gcc-11/README.Bugs --enable-languages=c ada c++ go brig d fortran objc obj-c++ m2 --prefix=/usr --with-gcc-major-version-only --program-suffix=-11 --program-prefix=x86_64-linux-gnu- --enable-shared --enable-linker-build-id --libexecdir=/usr/lib --without-included-gettext --enable-threads=posix --libdir=/usr/lib --enable-nls --enable-bootstrap --enable-clocale=gnu --enable-libstdcxx-debug --enable-libstdcxx-time=yes --with-default-libstdcxx-abi=new --enable-gnu-unique-object --disable-vtable-verify --enable-plugin --enable-default-pie --with-system-zlib --enable-libphobos-checking=release --with-target-system-zlib=auto --enable-objc-gc=auto --enable-multiarch --disable-werror --enable-cet --with-arch-32=i686 --with-abi=m64 --with-multilib-list=m32 m64 mx32 --enable-multilib --with-tune=generic --enable-offload-targets=nvptx-none=/build/gcc-11-xKiWfi/gcc-11-11.3.0/debian/tmp-nvptx/usr amdgcn-amdhsa=/build/gcc-11-xKiWfi/gcc-11-11.3.0/debian/tmp-gcn/usr --without-cuda-driver --enable-checking=release --build=x86_64-linux-gnu --host=x86_64-linux-gnu --target=x86_64-linux-gnu --with-build-config=bootstrap-lto-lean --enable-link-serialization=2]
  ignore line: [Thread model: posix]
  ignore line: [Supported LTO compression algorithms: zlib zstd]
  ignore line: [gcc version 11.3.0 (Ubuntu 11.3.0-1ubuntu1~22.04) ]
  ignore line: [COMPILER_PATH=/usr/lib/gcc/x86_64-linux-gnu/11/:/usr/lib/gcc/x86_64-linux-gnu/11/:/usr/lib/gcc/x86_64-linux-gnu/:/usr/lib/gcc/x86_64-linux-gnu/11/:/usr/lib/gcc/x86_64-linux-gnu/]
  ignore line: [LIBRARY_PATH=/usr/lib/gcc/x86_64-linux-gnu/11/:/usr/lib/gcc/x86_64-linux-gnu/11/../../../x86_64-linux-gnu/:/usr/lib/gcc/x86_64-linux-gnu/11/../../../../lib/:/lib/x86_64-linux-gnu/:/lib/../lib/:/usr/lib/x86_64-linux-gnu/:/usr/lib/../lib/:/usr/lib/gcc/x86_64-linux-gnu/11/../../../:/lib/:/usr/lib/]
  ignore line: [COLLECT_GCC_OPTIONS='-v' '-o' 'cmTC_5f5bd' '-shared-libgcc' '-mtune=generic' '-march=x86-64' '-dumpdir' 'cmTC_5f5bd.']
  link line: [ /usr/lib/gcc/x86_64-linux-gnu/11/collect2 -plugin /usr/lib/gcc/x86_64-linux-gnu/11/liblto_plugin.so -plugin-opt=/usr/lib/gcc/x86_64-linux-gnu/11/lto-wrapper -plugin-opt=-fresolution=/tmp/cc3kz3IC.res -plugin-opt=-pass-through=-lgcc_s -plugin-opt=-pass-through=-lgcc -plugin-opt=-pass-through=-lc -plugin-opt=-pass-through=-lgcc_s -plugin-opt=-pass-through=-lgcc --build-id --eh-frame-hdr -m elf_x86_64 --hash-style=gnu --as-needed -dynamic-linker /lib64/ld-linux-x86-64.so.2 -pie -z now -z relro -o cmTC_5f5bd /usr/lib/gcc/x86_64-linux-gnu/11/../../../x86_64-linux-gnu/Scrt1.o /usr/lib/gcc/x86_64-linux-gnu/11/../../../x86_64-linux-gnu/crti.o /usr/lib/gcc/x86_64-linux-gnu/11/crtbeginS.o -L/usr/lib/gcc/x86_64-linux-gnu/11 -L/usr/lib/gcc/x86_64-linux-gnu/11/../../../x86_64-linux-gnu -L/usr/lib/gcc/x86_64-linux-gnu/11/../../../../lib -L/lib/x86_64-linux-gnu -L/lib/../lib -L/usr/lib/x86_64-linux-gnu -L/usr/lib/../lib -L/usr/lib/gcc/x86_64-linux-gnu/11/../../.. CMakeFiles/cmTC_5f5bd.dir/CMakeCXXCompilerABI.cpp.o -lstdc++ -lm -lgcc_s -lgcc -lc -lgcc_s -lgcc /usr/lib/gcc/x86_64-linux-gnu/11/crtendS.o /usr/lib/gcc/x86_64-linux-gnu/11/../../../x86_64-linux-gnu/crtn.o]
    arg [/usr/lib/gcc/x86_64-linux-gnu/11/collect2] ==> ignore
    arg [-plugin] ==> ignore
    arg [/usr/lib/gcc/x86_64-linux-gnu/11/liblto_plugin.so] ==> ignore
    arg [-plugin-opt=/usr/lib/gcc/x86_64-linux-gnu/11/lto-wrapper] ==> ignore
    arg [-plugin-opt=-fresolution=/tmp/cc3kz3IC.res] ==> ignore
    arg [-plugin-opt=-pass-through=-lgcc_s] ==> ignore
    arg [-plugin-opt=-pass-through=-lgcc] ==> ignore
    arg [-plugin-opt=-pass-through=-lc] ==> ignore
    arg [-plugin-opt=-pass-through=-lgcc_s] ==> ignore
    arg [-plugin-opt=-pass-through=-lgcc] ==> ignore
    arg [--build-id] ==> ignore
    arg [--eh-frame-hdr] ==> ignore
    arg [-m] ==> ignore
    arg [elf_x86_64] ==> ignore
    arg [--hash-style=gnu] ==> ignore
    arg [--as-needed] ==> ignore
    arg [-dynamic-linker] ==> ignore
    arg [/lib64/ld-linux-x86-64.so.2] ==> ignore
    arg [-pie] ==> ignore
    arg [-znow] ==> ignore
    arg [-zrelro] ==> ignore
    arg [-o] ==> ignore
    arg [cmTC_5f5bd] ==> ignore
    arg [/usr/lib/gcc/x86_64-linux-gnu/11/../../../x86_64-linux-gnu/Scrt1.o] ==> obj [/usr/lib/gcc/x86_64-linux-gnu/11/../../../x86_64-linux-gnu/Scrt1.o]
    arg [/usr/lib/gcc/x86_64-linux-gnu/11/../../../x86_64-linux-gnu/crti.o] ==> obj [/usr/lib/gcc/x86_64-linux-gnu/11/../../../x86_64-linux-gnu/crti.o]
    arg [/usr/lib/gcc/x86_64-linux-gnu/11/crtbeginS.o] ==> obj [/usr/lib/gcc/x86_64-linux-gnu/11/crtbeginS.o]
    arg [-L/usr/lib/gcc/x86_64-linux-gnu/11] ==> dir [/usr/lib/gcc/x86_64-linux-gnu/11]
    arg [-L/usr/lib/gcc/x86_64-linux-gnu/11/../../../x86_64-linux-gnu] ==> dir [/usr/lib/gcc/x86_64-linux-gnu/11/../../../x86_64-linux-gnu]
    arg [-L/usr/lib/gcc/x86_64-linux-gnu/11/../../../../lib] ==> dir [/usr/lib/gcc/x86_64-linux-gnu/11/../../../../lib]
    arg [-L/lib/x86_64-linux-gnu] ==> dir [/lib/x86_64-linux-gnu]
    arg [-L/lib/../lib] ==> dir [/lib/../lib]
    arg [-L/usr/lib/x86_64-linux-gnu] ==> dir [/usr/lib/x86_64-linux-gnu]
    arg [-L/usr/lib/../lib] ==> dir [/usr/lib/../lib]
    arg [-L/usr/lib/gcc/x86_64-linux-gnu/11/../../..] ==> dir [/usr/lib/gcc/x86_64-linux-gnu/11/../../..]
    arg [CMakeFiles/cmTC_5f5bd.dir/CMakeCXXCompilerABI.cpp.o] ==> ignore
    arg [-lstdc++] ==> lib [stdc++]
    arg [-lm] ==> lib [m]
    arg [-lgcc_s] ==> lib [gcc_s]
    arg [-lgcc] ==> lib [gcc]
    arg [-lc] ==> lib [c]
    arg [-lgcc_s] ==> lib [gcc_s]
    arg [-lgcc] ==> lib [gcc]
    arg [/usr/lib/gcc/x86_64-linux-gnu/11/crtendS.o] ==> obj [/usr/lib/gcc/x86_64-linux-gnu/11/crtendS.o]
    arg [/usr/lib/gcc/x86_64-linux-gnu/11/../../../x86_64-linux-gnu/crtn.o] ==> obj [/usr/lib/gcc/x86_64-linux-gnu/11/../../../x86_64-linux-gnu/crtn.o]
  collapse obj [/usr/lib/gcc/x86_64-linux-gnu/11/../../../x86_64-linux-gnu/Scrt1.o] ==> [/usr/lib/x86_64-linux-gnu/Scrt1.o]
  collapse obj [/usr/lib/gcc/x86_64-linux-gnu/11/../../../x86_64-linux-gnu/crti.o] ==> [/usr/lib/x86_64-linux-gnu/crti.o]
  collapse obj [/usr/lib/gcc/x86_64-linux-gnu/11/../../../x86_64-linux-gnu/crtn.o] ==> [/usr/lib/x86_64-linux-gnu/crtn.o]
  collapse library dir [/usr/lib/gcc/x86_64-linux-gnu/11] ==> [/usr/lib/gcc/x86_64-linux-gnu/11]
  collapse library dir [/usr/lib/gcc/x86_64-linux-gnu/11/../../../x86_64-linux-gnu] ==> [/usr/lib/x86_64-linux-gnu]
  collapse library dir [/usr/lib/gcc/x86_64-linux-gnu/11/../../../../lib] ==> [/usr/lib]
  collapse library dir [/lib/x86_64-linux-gnu] ==> [/lib/x86_64-linux-gnu]
  collapse library dir [/lib/../lib] ==> [/lib]
  collapse library dir [/usr/lib/x86_64-linux-gnu] ==> [/usr/lib/x86_64-linux-gnu]
  collapse library dir [/usr/lib/../lib] ==> [/usr/lib]
  collapse library dir [/usr/lib/gcc/x86_64-linux-gnu/11/../../..] ==> [/usr/lib]
  implicit libs: [stdc++;m;gcc_s;gcc;c;gcc_s;gcc]
  implicit objs: [/usr/lib/x86_64-linux-gnu/Scrt1.o;/usr/lib/x86_64-linux-gnu/crti.o;/usr/lib/gcc/x86_64-linux-gnu/11/crtbeginS.o;/usr/lib/gcc/x86_64-linux-gnu/11/crtendS.o;/usr/lib/x86_64-linux-gnu/crtn.o]
  implicit dirs: [/usr/lib/gcc/x86_64-linux-gnu/11;/usr/lib/x86_64-linux-gnu;/usr/lib;/lib/x86_64-linux-gnu;/lib]
  implicit fwks: []


Performing C++ SOURCE FILE Test CMAKE_HAVE_LIBC_PTHREAD succeeded with the following output:
Change Dir: /home/espen/ns-3/ns3-wip/cmake-cache/CMakeFiles/CMakeScratch/TryCompile-gXNz6W

Run Build Command(s):/usr/bin/gmake -f Makefile cmTC_1b434/fast && /usr/bin/gmake  -f CMakeFiles/cmTC_1b434.dir/build.make CMakeFiles/cmTC_1b434.dir/build
gmake[1]: Entering directory '/home/espen/ns-3/ns3-wip/cmake-cache/CMakeFiles/CMakeScratch/TryCompile-gXNz6W'
Building CXX object CMakeFiles/cmTC_1b434.dir/src.cxx.o
/usr/bin/c++ -DCMAKE_HAVE_LIBC_PTHREAD  -fPIE -std=gnu++20 -o CMakeFiles/cmTC_1b434.dir/src.cxx.o -c /home/espen/ns-3/ns3-wip/cmake-cache/CMakeFiles/CMakeScratch/TryCompile-gXNz6W/src.cxx
Linking CXX executable cmTC_1b434
/usr/local/bin/cmake -E cmake_link_script CMakeFiles/cmTC_1b434.dir/link.txt --verbose=1
/usr/bin/c++ CMakeFiles/cmTC_1b434.dir/src.cxx.o -o cmTC_1b434 
gmake[1]: Leaving directory '/home/espen/ns-3/ns3-wip/cmake-cache/CMakeFiles/CMakeScratch/TryCompile-gXNz6W'


Source file was:
#include <pthread.h>

static void* test_func(void* data)
{
  return data;
}

int main(void)
{
  pthread_t thread;
  pthread_create(&thread, NULL, test_func, NULL);
  pthread_detach(thread);
  pthread_cancel(thread);
  pthread_join(thread, NULL);
  pthread_atfork(NULL, NULL, NULL);
  pthread_exit(NULL);

  return 0;
}


Performing C++ SOURCE FILE Test HAVE___UINT128_T succeeded with the following output:
Change Dir: /home/espen/ns-3/ns3-wip/cmake-cache/CMakeFiles/CMakeScratch/TryCompile-VBrUcF

Run Build Command(s):/usr/bin/gmake -f Makefile cmTC_d4d0a/fast && /usr/bin/gmake  -f CMakeFiles/cmTC_d4d0a.dir/build.make CMakeFiles/cmTC_d4d0a.dir/build
gmake[1]: Entering directory '/home/espen/ns-3/ns3-wip/cmake-cache/CMakeFiles/CMakeScratch/TryCompile-VBrUcF'
Building CXX object CMakeFiles/cmTC_d4d0a.dir/src.cxx.o
/usr/bin/c++ -DHAVE___UINT128_T  -fPIE -std=gnu++20 -o CMakeFiles/cmTC_d4d0a.dir/src.cxx.o -c /home/espen/ns-3/ns3-wip/cmake-cache/CMakeFiles/CMakeScratch/TryCompile-VBrUcF/src.cxx
Linking CXX executable cmTC_d4d0a
/usr/local/bin/cmake -E cmake_link_script CMakeFiles/cmTC_d4d0a.dir/link.txt --verbose=1
/usr/bin/c++ CMakeFiles/cmTC_d4d0a.dir/src.cxx.o -o cmTC_d4d0a 
gmake[1]: Leaving directory '/home/espen/ns-3/ns3-wip/cmake-cache/CMakeFiles/CMakeScratch/TryCompile-VBrUcF'


Source file was:
#include <stdint.h>
       int main(int argc, char **argv)
         {
           (void)argc; (void)argv;
           if ((__uint128_t *) 0) return 0;
           if (sizeof (__uint128_t)) return 0;
           return 1;
        }

Determining if the include file stdint.h exists passed with the following output:
Change Dir: /home/espen/ns-3/ns3-wip/cmake-cache/CMakeFiles/CMakeScratch/TryCompile-kCQXQZ

Run Build Command(s):/usr/bin/gmake -f Makefile cmTC_7a818/fast && /usr/bin/gmake  -f CMakeFiles/cmTC_7a818.dir/build.make CMakeFiles/cmTC_7a818.dir/build
gmake[1]: Entering directory '/home/espen/ns-3/ns3-wip/cmake-cache/CMakeFiles/CMakeScratch/TryCompile-kCQXQZ'
Building CXX object CMakeFiles/cmTC_7a818.dir/CheckIncludeFile.cxx.o
/usr/bin/c++   -fPIE -std=gnu++20 -o CMakeFiles/cmTC_7a818.dir/CheckIncludeFile.cxx.o -c /home/espen/ns-3/ns3-wip/cmake-cache/CMakeFiles/CMakeScratch/TryCompile-kCQXQZ/CheckIncludeFile.cxx
Linking CXX executable cmTC_7a818
/usr/local/bin/cmake -E cmake_link_script CMakeFiles/cmTC_7a818.dir/link.txt --verbose=1
/usr/bin/c++ CMakeFiles/cmTC_7a818.dir/CheckIncludeFile.cxx.o -o cmTC_7a818 
gmake[1]: Leaving directory '/home/espen/ns-3/ns3-wip/cmake-cache/CMakeFiles/CMakeScratch/TryCompile-kCQXQZ'



Determining if the include file inttypes.h exists passed with the following output:
Change Dir: /home/espen/ns-3/ns3-wip/cmake-cache/CMakeFiles/CMakeScratch/TryCompile-HGJCff

Run Build Command(s):/usr/bin/gmake -f Makefile cmTC_52efe/fast && /usr/bin/gmake  -f CMakeFiles/cmTC_52efe.dir/build.make CMakeFiles/cmTC_52efe.dir/build
gmake[1]: Entering directory '/home/espen/ns-3/ns3-wip/cmake-cache/CMakeFiles/CMakeScratch/TryCompile-HGJCff'
Building CXX object CMakeFiles/cmTC_52efe.dir/CheckIncludeFile.cxx.o
/usr/bin/c++   -fPIE -std=gnu++20 -o CMakeFiles/cmTC_52efe.dir/CheckIncludeFile.cxx.o -c /home/espen/ns-3/ns3-wip/cmake-cache/CMakeFiles/CMakeScratch/TryCompile-HGJCff/CheckIncludeFile.cxx
Linking CXX executable cmTC_52efe
/usr/local/bin/cmake -E cmake_link_script CMakeFiles/cmTC_52efe.dir/link.txt --verbose=1
/usr/bin/c++ CMakeFiles/cmTC_52efe.dir/CheckIncludeFile.cxx.o -o cmTC_52efe 
gmake[1]: Leaving directory '/home/espen/ns-3/ns3-wip/cmake-cache/CMakeFiles/CMakeScratch/TryCompile-HGJCff'



Determining if the include file sys/types.h exists passed with the following output:
Change Dir: /home/espen/ns-3/ns3-wip/cmake-cache/CMakeFiles/CMakeScratch/TryCompile-sty5m8

Run Build Command(s):/usr/bin/gmake -f Makefile cmTC_03bb2/fast && /usr/bin/gmake  -f CMakeFiles/cmTC_03bb2.dir/build.make CMakeFiles/cmTC_03bb2.dir/build
gmake[1]: Entering directory '/home/espen/ns-3/ns3-wip/cmake-cache/CMakeFiles/CMakeScratch/TryCompile-sty5m8'
Building CXX object CMakeFiles/cmTC_03bb2.dir/CheckIncludeFile.cxx.o
/usr/bin/c++   -fPIE -std=gnu++20 -o CMakeFiles/cmTC_03bb2.dir/CheckIncludeFile.cxx.o -c /home/espen/ns-3/ns3-wip/cmake-cache/CMakeFiles/CMakeScratch/TryCompile-sty5m8/CheckIncludeFile.cxx
Linking CXX executable cmTC_03bb2
/usr/local/bin/cmake -E cmake_link_script CMakeFiles/cmTC_03bb2.dir/link.txt --verbose=1
/usr/bin/c++ CMakeFiles/cmTC_03bb2.dir/CheckIncludeFile.cxx.o -o cmTC_03bb2 
gmake[1]: Leaving directory '/home/espen/ns-3/ns3-wip/cmake-cache/CMakeFiles/CMakeScratch/TryCompile-sty5m8'



Determining if the include file sys/stat.h exists passed with the following output:
Change Dir: /home/espen/ns-3/ns3-wip/cmake-cache/CMakeFiles/CMakeScratch/TryCompile-VX2Ve5

Run Build Command(s):/usr/bin/gmake -f Makefile cmTC_53d15/fast && /usr/bin/gmake  -f CMakeFiles/cmTC_53d15.dir/build.make CMakeFiles/cmTC_53d15.dir/build
gmake[1]: Entering directory '/home/espen/ns-3/ns3-wip/cmake-cache/CMakeFiles/CMakeScratch/TryCompile-VX2Ve5'
Building CXX object CMakeFiles/cmTC_53d15.dir/CheckIncludeFile.cxx.o
/usr/bin/c++   -fPIE -std=gnu++20 -o CMakeFiles/cmTC_53d15.dir/CheckIncludeFile.cxx.o -c /home/espen/ns-3/ns3-wip/cmake-cache/CMakeFiles/CMakeScratch/TryCompile-VX2Ve5/CheckIncludeFile.cxx
Linking CXX executable cmTC_53d15
/usr/local/bin/cmake -E cmake_link_script CMakeFiles/cmTC_53d15.dir/link.txt --verbose=1
/usr/bin/c++ CMakeFiles/cmTC_53d15.dir/CheckIncludeFile.cxx.o -o cmTC_53d15 
gmake[1]: Leaving directory '/home/espen/ns-3/ns3-wip/cmake-cache/CMakeFiles/CMakeScratch/TryCompile-VX2Ve5'



Determining if the include file dirent.h exists passed with the following output:
Change Dir: /home/espen/ns-3/ns3-wip/cmake-cache/CMakeFiles/CMakeScratch/TryCompile-R67HQt

Run Build Command(s):/usr/bin/gmake -f Makefile cmTC_ec4f6/fast && /usr/bin/gmake  -f CMakeFiles/cmTC_ec4f6.dir/build.make CMakeFiles/cmTC_ec4f6.dir/build
gmake[1]: Entering directory '/home/espen/ns-3/ns3-wip/cmake-cache/CMakeFiles/CMakeScratch/TryCompile-R67HQt'
Building CXX object CMakeFiles/cmTC_ec4f6.dir/CheckIncludeFile.cxx.o
/usr/bin/c++   -fPIE -std=gnu++20 -o CMakeFiles/cmTC_ec4f6.dir/CheckIncludeFile.cxx.o -c /home/espen/ns-3/ns3-wip/cmake-cache/CMakeFiles/CMakeScratch/TryCompile-R67HQt/CheckIncludeFile.cxx
Linking CXX executable cmTC_ec4f6
/usr/local/bin/cmake -E cmake_link_script CMakeFiles/cmTC_ec4f6.dir/link.txt --verbose=1
/usr/bin/c++ CMakeFiles/cmTC_ec4f6.dir/CheckIncludeFile.cxx.o -o cmTC_ec4f6 
gmake[1]: Leaving directory '/home/espen/ns-3/ns3-wip/cmake-cache/CMakeFiles/CMakeScratch/TryCompile-R67HQt'



Determining if the include file stdlib.h exists passed with the following output:
Change Dir: /home/espen/ns-3/ns3-wip/cmake-cache/CMakeFiles/CMakeScratch/TryCompile-kfywdx

Run Build Command(s):/usr/bin/gmake -f Makefile cmTC_53fed/fast && /usr/bin/gmake  -f CMakeFiles/cmTC_53fed.dir/build.make CMakeFiles/cmTC_53fed.dir/build
gmake[1]: Entering directory '/home/espen/ns-3/ns3-wip/cmake-cache/CMakeFiles/CMakeScratch/TryCompile-kfywdx'
Building CXX object CMakeFiles/cmTC_53fed.dir/CheckIncludeFile.cxx.o
/usr/bin/c++   -fPIE -std=gnu++20 -o CMakeFiles/cmTC_53fed.dir/CheckIncludeFile.cxx.o -c /home/espen/ns-3/ns3-wip/cmake-cache/CMakeFiles/CMakeScratch/TryCompile-kfywdx/CheckIncludeFile.cxx
Linking CXX executable cmTC_53fed
/usr/local/bin/cmake -E cmake_link_script CMakeFiles/cmTC_53fed.dir/link.txt --verbose=1
/usr/bin/c++ CMakeFiles/cmTC_53fed.dir/CheckIncludeFile.cxx.o -o cmTC_53fed 
gmake[1]: Leaving directory '/home/espen/ns-3/ns3-wip/cmake-cache/CMakeFiles/CMakeScratch/TryCompile-kfywdx'



Determining if the include file signal.h exists passed with the following output:
Change Dir: /home/espen/ns-3/ns3-wip/cmake-cache/CMakeFiles/CMakeScratch/TryCompile-v6V4U9

Run Build Command(s):/usr/bin/gmake -f Makefile cmTC_b9822/fast && /usr/bin/gmake  -f CMakeFiles/cmTC_b9822.dir/build.make CMakeFiles/cmTC_b9822.dir/build
gmake[1]: Entering directory '/home/espen/ns-3/ns3-wip/cmake-cache/CMakeFiles/CMakeScratch/TryCompile-v6V4U9'
Building CXX object CMakeFiles/cmTC_b9822.dir/CheckIncludeFile.cxx.o
/usr/bin/c++   -fPIE -std=gnu++20 -o CMakeFiles/cmTC_b9822.dir/CheckIncludeFile.cxx.o -c /home/espen/ns-3/ns3-wip/cmake-cache/CMakeFiles/CMakeScratch/TryCompile-v6V4U9/CheckIncludeFile.cxx
Linking CXX executable cmTC_b9822
/usr/local/bin/cmake -E cmake_link_script CMakeFiles/cmTC_b9822.dir/link.txt --verbose=1
/usr/bin/c++ CMakeFiles/cmTC_b9822.dir/CheckIncludeFile.cxx.o -o cmTC_b9822 
gmake[1]: Leaving directory '/home/espen/ns-3/ns3-wip/cmake-cache/CMakeFiles/CMakeScratch/TryCompile-v6V4U9'



Determining if the include file netpacket/packet.h exists passed with the following output:
Change Dir: /home/espen/ns-3/ns3-wip/cmake-cache/CMakeFiles/CMakeScratch/TryCompile-QUAugy

Run Build Command(s):/usr/bin/gmake -f Makefile cmTC_aaaea/fast && /usr/bin/gmake  -f CMakeFiles/cmTC_aaaea.dir/build.make CMakeFiles/cmTC_aaaea.dir/build
gmake[1]: Entering directory '/home/espen/ns-3/ns3-wip/cmake-cache/CMakeFiles/CMakeScratch/TryCompile-QUAugy'
Building CXX object CMakeFiles/cmTC_aaaea.dir/CheckIncludeFile.cxx.o
/usr/bin/c++   -fPIE -std=gnu++20 -o CMakeFiles/cmTC_aaaea.dir/CheckIncludeFile.cxx.o -c /home/espen/ns-3/ns3-wip/cmake-cache/CMakeFiles/CMakeScratch/TryCompile-QUAugy/CheckIncludeFile.cxx
Linking CXX executable cmTC_aaaea
/usr/local/bin/cmake -E cmake_link_script CMakeFiles/cmTC_aaaea.dir/link.txt --verbose=1
/usr/bin/c++ CMakeFiles/cmTC_aaaea.dir/CheckIncludeFile.cxx.o -o cmTC_aaaea 
gmake[1]: Leaving directory '/home/espen/ns-3/ns3-wip/cmake-cache/CMakeFiles/CMakeScratch/TryCompile-QUAugy'



Determining if the function getenv exists passed with the following output:
Change Dir: /home/espen/ns-3/ns3-wip/cmake-cache/CMakeFiles/CMakeScratch/TryCompile-WnhMkm

Run Build Command(s):/usr/bin/gmake -f Makefile cmTC_ee5fd/fast && /usr/bin/gmake  -f CMakeFiles/cmTC_ee5fd.dir/build.make CMakeFiles/cmTC_ee5fd.dir/build
gmake[1]: Entering directory '/home/espen/ns-3/ns3-wip/cmake-cache/CMakeFiles/CMakeScratch/TryCompile-WnhMkm'
Building CXX object CMakeFiles/cmTC_ee5fd.dir/CheckFunctionExists.cxx.o
/usr/bin/c++   -DCHECK_FUNCTION_EXISTS=getenv -fPIE -std=gnu++20 -o CMakeFiles/cmTC_ee5fd.dir/CheckFunctionExists.cxx.o -c /home/espen/ns-3/ns3-wip/cmake-cache/CMakeFiles/CMakeScratch/TryCompile-WnhMkm/CheckFunctionExists.cxx
Linking CXX executable cmTC_ee5fd
/usr/local/bin/cmake -E cmake_link_script CMakeFiles/cmTC_ee5fd.dir/link.txt --verbose=1
/usr/bin/c++  -DCHECK_FUNCTION_EXISTS=getenv CMakeFiles/cmTC_ee5fd.dir/CheckFunctionExists.cxx.o -o cmTC_ee5fd 
gmake[1]: Leaving directory '/home/espen/ns-3/ns3-wip/cmake-cache/CMakeFiles/CMakeScratch/TryCompile-WnhMkm'



Determining if files boost/units/quantity.hpp;boost/units/systems/si.hpp exist passed with the following output:
Change Dir: /home/espen/ns-3/ns3-wip/cmake-cache/CMakeFiles/CMakeScratch/TryCompile-TF0cdB

Run Build Command(s):/usr/bin/gmake -f Makefile cmTC_8e33e/fast && /usr/bin/gmake  -f CMakeFiles/cmTC_8e33e.dir/build.make CMakeFiles/cmTC_8e33e.dir/build
gmake[1]: Entering directory '/home/espen/ns-3/ns3-wip/cmake-cache/CMakeFiles/CMakeScratch/TryCompile-TF0cdB'
Building CXX object CMakeFiles/cmTC_8e33e.dir/HAVE_BOOST_UNITS.cpp.o
/usr/bin/c++   -fPIE -std=gnu++20 -o CMakeFiles/cmTC_8e33e.dir/HAVE_BOOST_UNITS.cpp.o -c /home/espen/ns-3/ns3-wip/cmake-cache/CMakeFiles/CMakeScratch/TryCompile-TF0cdB/HAVE_BOOST_UNITS.cpp
Linking CXX executable cmTC_8e33e
/usr/local/bin/cmake -E cmake_link_script CMakeFiles/cmTC_8e33e.dir/link.txt --verbose=1
/usr/bin/c++ CMakeFiles/cmTC_8e33e.dir/HAVE_BOOST_UNITS.cpp.o -o cmTC_8e33e 
gmake[1]: Leaving directory '/home/espen/ns-3/ns3-wip/cmake-cache/CMakeFiles/CMakeScratch/TryCompile-TF0cdB'



Determining if the include file net/ethernet.h exists passed with the following output:
Change Dir: /home/espen/ns-3/ns3-wip/cmake-cache/CMakeFiles/CMakeScratch/TryCompile-nqOkLT

Run Build Command(s):/usr/bin/gmake -f Makefile cmTC_f9ccb/fast && /usr/bin/gmake  -f CMakeFiles/cmTC_f9ccb.dir/build.make CMakeFiles/cmTC_f9ccb.dir/build
gmake[1]: Entering directory '/home/espen/ns-3/ns3-wip/cmake-cache/CMakeFiles/CMakeScratch/TryCompile-nqOkLT'
Building CXX object CMakeFiles/cmTC_f9ccb.dir/CheckIncludeFile.cxx.o
/usr/bin/c++   -fPIE -std=gnu++20 -o CMakeFiles/cmTC_f9ccb.dir/CheckIncludeFile.cxx.o -c /home/espen/ns-3/ns3-wip/cmake-cache/CMakeFiles/CMakeScratch/TryCompile-nqOkLT/CheckIncludeFile.cxx
Linking CXX executable cmTC_f9ccb
/usr/local/bin/cmake -E cmake_link_script CMakeFiles/cmTC_f9ccb.dir/link.txt --verbose=1
/usr/bin/c++ CMakeFiles/cmTC_f9ccb.dir/CheckIncludeFile.cxx.o -o cmTC_f9ccb 
gmake[1]: Leaving directory '/home/espen/ns-3/ns3-wip/cmake-cache/CMakeFiles/CMakeScratch/TryCompile-nqOkLT'



Determining if the include file netpacket/packet.h exists passed with the following output:
Change Dir: /home/espen/ns-3/ns3-wip/cmake-cache/CMakeFiles/CMakeScratch/TryCompile-AqWY5R

Run Build Command(s):/usr/bin/gmake -f Makefile cmTC_05f80/fast && /usr/bin/gmake  -f CMakeFiles/cmTC_05f80.dir/build.make CMakeFiles/cmTC_05f80.dir/build
gmake[1]: Entering directory '/home/espen/ns-3/ns3-wip/cmake-cache/CMakeFiles/CMakeScratch/TryCompile-AqWY5R'
Building CXX object CMakeFiles/cmTC_05f80.dir/CheckIncludeFile.cxx.o
/usr/bin/c++   -fPIE -std=gnu++20 -o CMakeFiles/cmTC_05f80.dir/CheckIncludeFile.cxx.o -c /home/espen/ns-3/ns3-wip/cmake-cache/CMakeFiles/CMakeScratch/TryCompile-AqWY5R/CheckIncludeFile.cxx
Linking CXX executable cmTC_05f80
/usr/local/bin/cmake -E cmake_link_script CMakeFiles/cmTC_05f80.dir/link.txt --verbose=1
/usr/bin/c++ CMakeFiles/cmTC_05f80.dir/CheckIncludeFile.cxx.o -o cmTC_05f80 
gmake[1]: Leaving directory '/home/espen/ns-3/ns3-wip/cmake-cache/CMakeFiles/CMakeScratch/TryCompile-AqWY5R'



Determining if the include file net/if.h exists passed with the following output:
Change Dir: /home/espen/ns-3/ns3-wip/cmake-cache/CMakeFiles/CMakeScratch/TryCompile-IBXu7p

Run Build Command(s):/usr/bin/gmake -f Makefile cmTC_8bc68/fast && /usr/bin/gmake  -f CMakeFiles/cmTC_8bc68.dir/build.make CMakeFiles/cmTC_8bc68.dir/build
gmake[1]: Entering directory '/home/espen/ns-3/ns3-wip/cmake-cache/CMakeFiles/CMakeScratch/TryCompile-IBXu7p'
Building CXX object CMakeFiles/cmTC_8bc68.dir/CheckIncludeFile.cxx.o
/usr/bin/c++   -fPIE -std=gnu++20 -o CMakeFiles/cmTC_8bc68.dir/CheckIncludeFile.cxx.o -c /home/espen/ns-3/ns3-wip/cmake-cache/CMakeFiles/CMakeScratch/TryCompile-IBXu7p/CheckIncludeFile.cxx
Linking CXX executable cmTC_8bc68
/usr/local/bin/cmake -E cmake_link_script CMakeFiles/cmTC_8bc68.dir/link.txt --verbose=1
/usr/bin/c++ CMakeFiles/cmTC_8bc68.dir/CheckIncludeFile.cxx.o -o cmTC_8bc68 
gmake[1]: Leaving directory '/home/espen/ns-3/ns3-wip/cmake-cache/CMakeFiles/CMakeScratch/TryCompile-IBXu7p'



Determining if the include file linux/if_tun.h exists passed with the following output:
Change Dir: /home/espen/ns-3/ns3-wip/cmake-cache/CMakeFiles/CMakeScratch/TryCompile-9SH8i7

Run Build Command(s):/usr/bin/gmake -f Makefile cmTC_16ef5/fast && /usr/bin/gmake  -f CMakeFiles/cmTC_16ef5.dir/build.make CMakeFiles/cmTC_16ef5.dir/build
gmake[1]: Entering directory '/home/espen/ns-3/ns3-wip/cmake-cache/CMakeFiles/CMakeScratch/TryCompile-9SH8i7'
Building CXX object CMakeFiles/cmTC_16ef5.dir/CheckIncludeFile.cxx.o
/usr/bin/c++   -fPIE -std=gnu++20 -o CMakeFiles/cmTC_16ef5.dir/CheckIncludeFile.cxx.o -c /home/espen/ns-3/ns3-wip/cmake-cache/CMakeFiles/CMakeScratch/TryCompile-9SH8i7/CheckIncludeFile.cxx
Linking CXX executable cmTC_16ef5
/usr/local/bin/cmake -E cmake_link_script CMakeFiles/cmTC_16ef5.dir/link.txt --verbose=1
/usr/bin/c++ CMakeFiles/cmTC_16ef5.dir/CheckIncludeFile.cxx.o -o cmTC_16ef5 
gmake[1]: Leaving directory '/home/espen/ns-3/ns3-wip/cmake-cache/CMakeFiles/CMakeScratch/TryCompile-9SH8i7'



Determining if the include file sys/ioctl.h exists passed with the following output:
Change Dir: /home/espen/ns-3/ns3-wip/cmake-cache/CMakeFiles/CMakeScratch/TryCompile-ykSepu

Run Build Command(s):/usr/bin/gmake -f Makefile cmTC_6443e/fast && /usr/bin/gmake  -f CMakeFiles/cmTC_6443e.dir/build.make CMakeFiles/cmTC_6443e.dir/build
gmake[1]: Entering directory '/home/espen/ns-3/ns3-wip/cmake-cache/CMakeFiles/CMakeScratch/TryCompile-ykSepu'
Building CXX object CMakeFiles/cmTC_6443e.dir/CheckIncludeFile.cxx.o
/usr/bin/c++   -fPIE -std=gnu++20 -o CMakeFiles/cmTC_6443e.dir/CheckIncludeFile.cxx.o -c /home/espen/ns-3/ns3-wip/cmake-cache/CMakeFiles/CMakeScratch/TryCompile-ykSepu/CheckIncludeFile.cxx
Linking CXX executable cmTC_6443e
/usr/local/bin/cmake -E cmake_link_script CMakeFiles/cmTC_6443e.dir/link.txt --verbose=1
/usr/bin/c++ CMakeFiles/cmTC_6443e.dir/CheckIncludeFile.cxx.o -o cmTC_6443e 
gmake[1]: Leaving directory '/home/espen/ns-3/ns3-wip/cmake-cache/CMakeFiles/CMakeScratch/TryCompile-ykSepu'



